  2dClient.cpp
2dClient.obj : error LNK2019: "__declspec(dllimport) public: __cdecl sf::String::String(char const *,class std::locale const &)" (__imp_??0String@sf@@QEAA@PEBDAEBVlocale@std@@@Z)"public: void __cdecl OBJECT::add_chat(char * const)" (?add_chat@OBJECT@@QEAAXQEAD@Z) 함수에서 참조되는 확인할 수 없는 외부 기호
2dClient.obj : error LNK2019: "__declspec(dllimport) public: __cdecl sf::String::~String(void)" (__imp_??1String@sf@@QEAA@XZ)"public: void __cdecl OBJECT::add_chat(char * const)" (?add_chat@OBJECT@@QEAAXQEAD@Z) 함수에서 참조되는 확인할 수 없는 외부 기호
2dClient.obj : error LNK2019: "__declspec(dllimport) public: __cdecl sf::VideoMode::VideoMode(unsigned int,unsigned int,unsigned int)" (__imp_??0VideoMode@sf@@QEAA@III@Z)main 함수에서 참조되는 확인할 수 없는 외부 기호
2dClient.obj : error LNK2019: "__declspec(dllimport) public: void __cdecl sf::Window::close(void)" (__imp_?close@Window@sf@@QEAAXXZ)"void __cdecl client_main(void)" (?client_main@@YAXXZ) 함수에서 참조되는 확인할 수 없는 외부 기호
2dClient.obj : error LNK2019: "__declspec(dllimport) public: bool __cdecl sf::Window::isOpen(void)const " (__imp_?isOpen@Window@sf@@QEBA_NXZ)main 함수에서 참조되는 확인할 수 없는 외부 기호
2dClient.obj : error LNK2019: "__declspec(dllimport) public: bool __cdecl sf::Window::pollEvent(class sf::Event &)" (__imp_?pollEvent@Window@sf@@QEAA_NAEAVEvent@2@@Z)main 함수에서 참조되는 확인할 수 없는 외부 기호
2dClient.obj : error LNK2019: "__declspec(dllimport) public: void __cdecl sf::Window::display(void)" (__imp_?display@Window@sf@@QEAAXXZ)main 함수에서 참조되는 확인할 수 없는 외부 기호
2dClient.obj : error LNK2019: "__declspec(dllimport) public: void __cdecl sf::Transformable::setPosition(float,float)" (__imp_?setPosition@Transformable@sf@@QEAAXMM@Z)"public: void __cdecl OBJECT::a_move(int,int)" (?a_move@OBJECT@@QEAAXHH@Z) 함수에서 참조되는 확인할 수 없는 외부 기호
2dClient.obj : error LNK2019: "__declspec(dllimport) public: __cdecl sf::Color::Color(unsigned char,unsigned char,unsigned char,unsigned char)" (__imp_??0Color@sf@@QEAA@EEEE@Z)"public: void __cdecl OBJECT::add_chat(char * const)" (?add_chat@OBJECT@@QEAAXQEAD@Z) 함수에서 참조되는 확인할 수 없는 외부 기호
2dClient.obj : error LNK2019: "__declspec(dllimport) public: __cdecl sf::Texture::Texture(void)" (__imp_??0Texture@sf@@QEAA@XZ)"void __cdecl client_initialize(void)" (?client_initialize@@YAXXZ) 함수에서 참조되는 확인할 수 없는 외부 기호
2dClient.obj : error LNK2019: "__declspec(dllimport) public: __cdecl sf::Texture::~Texture(void)" (__imp_??1Texture@sf@@QEAA@XZ)"public: void * __cdecl sf::Texture::`scalar deleting destructor'(unsigned int)" (??_GTexture@sf@@QEAAPEAXI@Z) 함수에서 참조되는 확인할 수 없는 외부 기호
2dClient.obj : error LNK2019: "__declspec(dllimport) public: bool __cdecl sf::Texture::loadFromFile(class std::basic_string<char,struct std::char_traits<char>,class std::allocator<char> > const &,class sf::Rect<int> const &)" (__imp_?loadFromFile@Texture@sf@@QEAA_NAEBV?$basic_string@DU?$char_traits@D@std@@V?$allocator@D@2@@std@@AEBV?$Rect@H@2@@Z)"void __cdecl client_initialize(void)" (?client_initialize@@YAXXZ) 함수에서 참조되는 확인할 수 없는 외부 기호
2dClient.obj : error LNK2019: "__declspec(dllimport) public: __cdecl sf::Font::Font(void)" (__imp_??0Font@sf@@QEAA@XZ)"void __cdecl `dynamic initializer for 'g_font''(void)" (??__Eg_font@@YAXXZ) 함수에서 참조되는 확인할 수 없는 외부 기호
2dClient.obj : error LNK2019: "__declspec(dllimport) public: __cdecl sf::Font::~Font(void)" (__imp_??1Font@sf@@QEAA@XZ)"void __cdecl `dynamic atexit destructor for 'g_font''(void)" (??__Fg_font@@YAXXZ) 함수에서 참조되는 확인할 수 없는 외부 기호
2dClient.obj : error LNK2019: "__declspec(dllimport) public: bool __cdecl sf::Font::loadFromFile(class std::basic_string<char,struct std::char_traits<char>,class std::allocator<char> > const &)" (__imp_?loadFromFile@Font@sf@@QEAA_NAEBV?$basic_string@DU?$char_traits@D@std@@V?$allocator@D@2@@std@@@Z)"void __cdecl client_initialize(void)" (?client_initialize@@YAXXZ) 함수에서 참조되는 확인할 수 없는 외부 기호
2dClient.obj : error LNK2019: "__declspec(dllimport) public: void __cdecl sf::View::move(float,float)" (__imp_?move@View@sf@@QEAAXMM@Z)main 함수에서 참조되는 확인할 수 없는 외부 기호
2dClient.obj : error LNK2019: "__declspec(dllimport) public: void __cdecl sf::View::zoom(float)" (__imp_?zoom@View@sf@@QEAAXM@Z)main 함수에서 참조되는 확인할 수 없는 외부 기호
2dClient.obj : error LNK2019: "__declspec(dllimport) public: void __cdecl sf::RenderTarget::clear(class sf::Color const &)" (__imp_?clear@RenderTarget@sf@@QEAAXAEBVColor@2@@Z)main 함수에서 참조되는 확인할 수 없는 외부 기호
2dClient.obj : error LNK2019: "__declspec(dllimport) public: void __cdecl sf::RenderTarget::setView(class sf::View const &)" (__imp_?setView@RenderTarget@sf@@QEAAXAEBVView@2@@Z)main 함수에서 참조되는 확인할 수 없는 외부 기호
2dClient.obj : error LNK2019: "__declspec(dllimport) public: class sf::View const & __cdecl sf::RenderTarget::getView(void)const " (__imp_?getView@RenderTarget@sf@@QEBAAEBVView@2@XZ)main 함수에서 참조되는 확인할 수 없는 외부 기호
2dClient.obj : error LNK2019: "__declspec(dllimport) public: void __cdecl sf::RenderTarget::draw(class sf::Drawable const &,class sf::RenderStates const &)" (__imp_?draw@RenderTarget@sf@@QEAAXAEBVDrawable@2@AEBVRenderStates@2@@Z)"public: void __cdecl OBJECT::a_draw(void)" (?a_draw@OBJECT@@QEAAXXZ) 함수에서 참조되는 확인할 수 없는 외부 기호
2dClient.obj : error LNK2019: "__declspec(dllimport) public: __cdecl sf::RenderWindow::RenderWindow(class sf::VideoMode,class sf::String const &,unsigned int,struct sf::ContextSettings const &)" (__imp_??0RenderWindow@sf@@QEAA@VVideoMode@1@AEBVString@1@IAEBUContextSettings@1@@Z)main 함수에서 참조되는 확인할 수 없는 외부 기호
2dClient.obj : error LNK2019: "__declspec(dllimport) public: virtual __cdecl sf::RenderWindow::~RenderWindow(void)" (__imp_??1RenderWindow@sf@@UEAA@XZ)main 함수에서 참조되는 확인할 수 없는 외부 기호
2dClient.obj : error LNK2019: "__declspec(dllimport) public: __cdecl sf::Sprite::Sprite(void)" (__imp_??0Sprite@sf@@QEAA@XZ)"public: __cdecl OBJECT::OBJECT(class sf::Texture &,int,int,int,int)" (??0OBJECT@@QEAA@AEAVTexture@sf@@HHHH@Z) 함수에서 참조되는 확인할 수 없는 외부 기호
2dClient.obj : error LNK2019: "__declspec(dllimport) public: void __cdecl sf::Sprite::setTexture(class sf::Texture const &,bool)" (__imp_?setTexture@Sprite@sf@@QEAAXAEBVTexture@2@_N@Z)"public: __cdecl OBJECT::OBJECT(class sf::Texture &,int,int,int,int)" (??0OBJECT@@QEAA@AEAVTexture@sf@@HHHH@Z) 함수에서 참조되는 확인할 수 없는 외부 기호
2dClient.obj : error LNK2019: "__declspec(dllimport) public: void __cdecl sf::Sprite::setTextureRect(class sf::Rect<int> const &)" (__imp_?setTextureRect@Sprite@sf@@QEAAXAEBV?$Rect@H@2@@Z)"public: __cdecl OBJECT::OBJECT(class sf::Texture &,int,int,int,int)" (??0OBJECT@@QEAA@AEAVTexture@sf@@HHHH@Z) 함수에서 참조되는 확인할 수 없는 외부 기호
2dClient.obj : error LNK2019: "__declspec(dllimport) public: virtual __cdecl sf::Sprite::~Sprite(void)" (__imp_??1Sprite@sf@@UEAA@XZ)"int `public: __cdecl OBJECT::OBJECT(class sf::Texture &,int,int,int,int)'::`1'::dtor$0" (?dtor$0@?0???0OBJECT@@QEAA@AEAVTexture@sf@@HHHH@Z@4HA) 함수에서 참조되는 확인할 수 없는 외부 기호
2dClient.obj : error LNK2019: "__declspec(dllimport) public: class sf::Sprite & __cdecl sf::Sprite::operator=(class sf::Sprite &&)" (__imp_??4Sprite@sf@@QEAAAEAV01@$$QEAV01@@Z)"public: class OBJECT & __cdecl OBJECT::operator=(class OBJECT &&)" (??4OBJECT@@QEAAAEAV0@$$QEAV0@@Z) 함수에서 참조되는 확인할 수 없는 외부 기호
2dClient.obj : error LNK2019: "__declspec(dllimport) public: __cdecl sf::Text::Text(void)" (__imp_??0Text@sf@@QEAA@XZ)"public: __cdecl OBJECT::OBJECT(class sf::Texture &,int,int,int,int)" (??0OBJECT@@QEAA@AEAVTexture@sf@@HHHH@Z) 함수에서 참조되는 확인할 수 없는 외부 기호
2dClient.obj : error LNK2019: "__declspec(dllimport) public: void __cdecl sf::Text::setString(class sf::String const &)" (__imp_?setString@Text@sf@@QEAAXAEBVString@2@@Z)"public: void __cdecl OBJECT::add_chat(char * const)" (?add_chat@OBJECT@@QEAAXQEAD@Z) 함수에서 참조되는 확인할 수 없는 외부 기호
2dClient.obj : error LNK2019: "__declspec(dllimport) public: void __cdecl sf::Text::setFont(class sf::Font const &)" (__imp_?setFont@Text@sf@@QEAAXAEBVFont@2@@Z)"public: void __cdecl OBJECT::add_chat(char * const)" (?add_chat@OBJECT@@QEAAXQEAD@Z) 함수에서 참조되는 확인할 수 없는 외부 기호
2dClient.obj : error LNK2019: "__declspec(dllimport) public: void __cdecl sf::Text::setStyle(unsigned int)" (__imp_?setStyle@Text@sf@@QEAAXI@Z)"public: void __cdecl OBJECT::set_name(char * const)" (?set_name@OBJECT@@QEAAXQEAD@Z) 함수에서 참조되는 확인할 수 없는 외부 기호
2dClient.obj : error LNK2019: "__declspec(dllimport) public: void __cdecl sf::Text::setFillColor(class sf::Color const &)" (__imp_?setFillColor@Text@sf@@QEAAXAEBVColor@2@@Z)"public: void __cdecl OBJECT::add_chat(char * const)" (?add_chat@OBJECT@@QEAAXQEAD@Z) 함수에서 참조되는 확인할 수 없는 외부 기호
2dClient.obj : error LNK2019: "__declspec(dllimport) public: virtual __cdecl sf::Text::~Text(void)" (__imp_??1Text@sf@@UEAA@XZ)"int `public: __cdecl OBJECT::OBJECT(class sf::Texture &,int,int,int,int)'::`1'::dtor$1" (?dtor$1@?0???0OBJECT@@QEAA@AEAVTexture@sf@@HHHH@Z@4HA) 함수에서 참조되는 확인할 수 없는 외부 기호
2dClient.obj : error LNK2019: "__declspec(dllimport) public: class sf::Text & __cdecl sf::Text::operator=(class sf::Text &&)" (__imp_??4Text@sf@@QEAAAEAV01@$$QEAV01@@Z)"public: class OBJECT & __cdecl OBJECT::operator=(class OBJECT &&)" (??4OBJECT@@QEAAAEAV0@$$QEAV0@@Z) 함수에서 참조되는 확인할 수 없는 외부 기호
2dClient.obj : error LNK2019: "__declspec(dllimport) public: void __cdecl sf::Socket::setBlocking(bool)" (__imp_?setBlocking@Socket@sf@@QEAAX_N@Z)main 함수에서 참조되는 확인할 수 없는 외부 기호
2dClient.obj : error LNK2019: "__declspec(dllimport) public: __cdecl sf::TcpSocket::TcpSocket(void)" (__imp_??0TcpSocket@sf@@QEAA@XZ)"void __cdecl `dynamic initializer for 'g_socket''(void)" (??__Eg_socket@@YAXXZ) 함수에서 참조되는 확인할 수 없는 외부 기호
2dClient.obj : error LNK2019: "__declspec(dllimport) public: enum sf::Socket::Status __cdecl sf::TcpSocket::connect(class sf::IpAddress const &,unsigned short,class sf::Time)" (__imp_?connect@TcpSocket@sf@@QEAA?AW4Status@Socket@2@AEBVIpAddress@2@GVTime@2@@Z)main 함수에서 참조되는 확인할 수 없는 외부 기호
2dClient.obj : error LNK2019: "__declspec(dllimport) public: enum sf::Socket::Status __cdecl sf::TcpSocket::send(void const *,unsigned __int64,unsigned __int64 &)" (__imp_?send@TcpSocket@sf@@QEAA?AW4Status@Socket@2@PEBX_KAEA_K@Z)"void __cdecl send_packet(void *)" (?send_packet@@YAXPEAX@Z) 함수에서 참조되는 확인할 수 없는 외부 기호
2dClient.obj : error LNK2019: "__declspec(dllimport) public: enum sf::Socket::Status __cdecl sf::TcpSocket::receive(void *,unsigned __int64,unsigned __int64 &)" (__imp_?receive@TcpSocket@sf@@QEAA?AW4Status@Socket@2@PEAX_KAEA_K@Z)"void __cdecl client_main(void)" (?client_main@@YAXXZ) 함수에서 참조되는 확인할 수 없는 외부 기호
2dClient.obj : error LNK2019: "__declspec(dllimport) public: virtual __cdecl sf::TcpSocket::~TcpSocket(void)" (__imp_??1TcpSocket@sf@@UEAA@XZ)"void __cdecl `dynamic atexit destructor for 'g_socket''(void)" (??__Fg_socket@@YAXXZ) 함수에서 참조되는 확인할 수 없는 외부 기호
2dClient.obj : error LNK2019: "__declspec(dllimport) public: __cdecl sf::IpAddress::IpAddress(char const *)" (__imp_??0IpAddress@sf@@QEAA@PEBD@Z)main 함수에서 참조되는 확인할 수 없는 외부 기호
2dClient.obj : error LNK2019: "__declspec(dllimport) public: static class sf::Time const sf::Time::Zero" (__imp_?Zero@Time@sf@@2V12@B)main 함수에서 참조되는 확인할 수 없는 외부 기호
2dClient.obj : error LNK2019: "__declspec(dllimport) public: static class sf::RenderStates const sf::RenderStates::Default" (__imp_?Default@RenderStates@sf@@2V12@B)"public: void __cdecl OBJECT::a_draw(void)" (?a_draw@OBJECT@@QEAAXXZ) 함수에서 참조되는 확인할 수 없는 외부 기호
D:\1수업\4학년 1학기\겜서버\수업자료\2020_Stress_test\과제7\Simple2DClient\x64\Debug\Simple2DClient.exe : fatal error LNK1120: 44개의 확인할 수 없는 외부 참조입니다.
